01-10-2023 @ 06:06:53 - 3.1.0 - No subscription webhooks found using API version 3. No updates needed.
01-10-2023 @ 06:06:53 - 5.1.0 upgrade complete from Subscriptions v0 while WooCommerce WC_VERSION 7.2.2 and database version 7.2.2 was active.
01-10-2023 @ 06:06:53 - Environment info:
01-10-2023 @ 06:06:53 -     WordPress Version : 6.1.1
01-10-2023 @ 06:06:53 - Active Plugins:
01-10-2023 @ 06:06:53 -     Post SMTP by Post SMTP – 2.3.1
01-10-2023 @ 06:06:53 -     Advanced Custom Fields: Star Rating by Kevin Ruscoe – 1.0.1
01-10-2023 @ 06:06:53 -     Address Autocomplete Using Google Place API by Webnware – 1.0.0
01-10-2023 @ 06:06:53 -     Advanced Custom Fields: Code Area by Taylor Mitchell-St.Joseph – 1.0.0
01-10-2023 @ 06:06:53 -     Advanced Custom Fields: Font Awesome by Matt Keys – 4.0.4
01-10-2023 @ 06:06:53 -     Advanced Custom Fields PRO by WP Engine – 6.0.4
01-10-2023 @ 06:06:53 -     Advanced WordPress Reset by Younes JFR. – 1.6
01-10-2023 @ 06:06:53 -     All-in-One WP Migration Unlimited Extension by ServMask – 2.47
01-10-2023 @ 06:06:53 -     All-in-One WP Migration by ServMask – 7.69
01-10-2023 @ 06:06:53 -     Edit Author Slug by Brandon Allen – 1.8.4
01-10-2023 @ 06:06:53 -     Font Awesome by Font Awesome – 4.3.2
01-10-2023 @ 06:06:53 -     Leira Letter Avatar by Ariel – 1.3.7
01-10-2023 @ 06:06:53 -     Paid Memberships Pro by Paid Memberships Pro – 2.9.8
01-10-2023 @ 06:06:53 -     Side Cart WooCommerce by XootiX – 2.1
01-10-2023 @ 06:06:53 -     Accept Stripe Payments by Tips and Tricks HQ, wptipsntricks – 2.0.73
01-10-2023 @ 06:06:53 -     WooCommerce Payments by Automattic – 5.2.1
01-10-2023 @ 06:06:53 -     WooCommerce Shipping & Tax by WooCommerce – 2.1.1
01-10-2023 @ 06:06:53 -     WooCommerce by Automattic – 7.2.2
01-10-2023 @ 06:06:53 -     WP SMS for WordPress by WPSMS.IO – 1.3.5
